Pb : 166	168	-RRB-	-RRB-
Pb : 320	322	-LRB-	-LRB-
Pb : 326	328	-RRB-	-RRB-
Pb : 486	488	-LRB-	-LRB-
Pb : 617	619	-LRB-	-LRB-
Pb : 746	748	-LRB-	-LRB-
Pb : 997	999	-LRB-	-LRB-
Pb : 1003	1005	-RRB-	-RRB-
Pb : 1070	1072	-RRB-	-RRB-
Pb : 1165	1167	-LRB-	-LRB-
Pb : 1238	1240	-LRB-	-LRB-
Pb : 1405	1407	-LRB-	-LRB-
Pb : 1670	1672	-LRB-	-LRB-
Pb : 1707	1709	-LRB-	-LRB-
Pb : 2232	2234	-LSB-	-LRB-
Pb : 2266	2268	-LRB-	-LRB-
Pb : 2369	2371	-LRB-	-LRB-
Pb : 2453	2467	1791	CD
Pb : 2535	2537	-LRB-	-LRB-
Pb : 2618	2620	-LRB-	-LRB-
Pb : 2731	2733	-RRB-	-RRB-
Pb : 2928	2930	-LRB-	-LRB-
Pb : 2934	2936	-RRB-	-RRB-
Pb : 3107	3109	-LRB-	-LRB-
Pb : 3181	3181	-LRB-	-LRB-
Pb : 3181	3185	-RRB-	-RRB-
Pb : 3430	3432	-LRB-	-LRB-
Pb : 3498	3500	-RRB-	-RRB-
Pb : 3567	3575	1621	CD
Pb : 3672	3674	-RRB-	-RRB-
Pb : 3723	3725	-LRB-	-LRB-
Pb : 3917	3920	-LRB-	-LRB-
Pb : 3961	3963	-RRB-	-RRB-
Pb : 4039	4041	-LRB-	-LRB-
Pb : 4918	4920	-LRB-	-LRB-
Pb : 4924	4926	-RRB-	-RRB-
Pb : 5286	5288	-LRB-	-LRB-
Pb : 5324	5326	-LSB-	-LRB-
Pb : 5674	5676	-LRB-	-LRB-
Pb : 5699	5701	-RRB-	-RRB-
Pb : 5756	5758	-RRB-	-RRB-
Pb : 6517	6519	-LRB-	-LRB-
Pb : 6523	6525	-RRB-	-RRB-
Pb : 6810	6812	-LRB-	-LRB-
Pb : 6901	6903	-LRB-	-LRB-
Pb : 7104	7106	-LRB-	-LRB-
Pb : 7253	7255	-LRB-	-LRB-
Pb : 7259	7261	-RRB-	-RRB-
Pb : 7387	7389	-LRB-	-LRB-
Pb : 7393	7395	-RRB-	-RRB-
Pb : 7885	7887	-LRB-	-LRB-
Pb : 7973	7975	-LRB-	-LRB-
Pb : 7979	7982	-RRB-	-RRB-
Pb : 8156	8158	-LRB-	-LRB-
Pb : 8277	8279	-LRB-	-LRB-
Pb : 8368	8370	-LRB-	-LRB-
Pb : 8819	8821	-LRB-	-LRB-
Pb : 8845	8847	-RRB-	-RRB-
Pb : 9208	9210	-LRB-	-LRB-
Pb : 9542	9544	-LRB-	-LRB-
Pb : 9853	9855	-LRB-	-LRB-
Pb : 9859	9861	-RRB-	-RRB-
Pb : 10137	10139	-RRB-	-RRB-
Pb : 10244	10246	-LRB-	-LRB-
Pb : 10814	10816	-LRB-	-LRB-
Pb : 10895	10897	-LRB-	-LRB-
Pb : 10966	10968	-LRB-	-LRB-
Pb : 11106	11109	-LRB-	-LRB-
Pb : 11168	11171	-RRB-	-RRB-
Pb : 11218	11220	-LRB-	-LRB-
Pb : 11224	11226	-RRB-	-RRB-
Pb : 11279	11281	-LRB-	-LRB-
Pb : 11285	11287	-RRB-	-RRB-
Pb : 11495	11504	1971	CD
Pb : 11592	11594	-LRB-	-LRB-
Pb : 11722	11724	-LRB-	-LRB-
Pb : 11784	11786	-LRB-	-LRB-
Pb : 11931	11933	-LRB-	-LRB-
Pb : 12021	12023	-LRB-	-LRB-
Pb : 12027	12029	-RRB-	-RRB-
Pb : 12132	12134	-LRB-	-LRB-
Pb : 12138	12140	-RRB-	-RRB-
Pb : 12410	12412	-LRB-	-LRB-
Pb : 12457	12459	-LRB-	-LRB-
Pb : 12749	12751	-LRB-	-LRB-
Pb : 12755	12757	-RRB-	-RRB-
Pb : 12822	12830	1909	CD
Pb : 13072	13074	-LRB-	-LRB-
Pb : 13078	13080	-RRB-	-RRB-
Pb : 13255	13257	-RRB-	-RRB-
Pb : 13526	13528	-LRB-	-LRB-
Pb : 13532	13534	-RRB-	-RRB-
Pb : 13636	13638	-LRB-	-LRB-
Pb : 13642	13644	-RRB-	-RRB-
Pb : 13736	13738	-LRB-	-LRB-
Pb : 13742	13744	-RRB-	-RRB-
Pb : 13835	13837	-LRB-	-LRB-
Pb : 13921	13923	-LRB-	-LRB-
Pb : 14132	14134	-LRB-	-LRB-
Pb : 14196	14198	-LRB-	-LRB-
Pb : 14238	14240	-RSB-	-RRB-
Pb : 14333	14335	-LRB-	-LRB-
Pb : 14460	14462	-LRB-	-LRB-
Pb : 14791	14793	-LRB-	-LRB-
Pb : 15481	15483	-LRB-	-LRB-
Pb : 15673	15676	-LRB-	-LRB-
Pb : 15784	15786	-LRB-	-LRB-
Pb : 15955	15968	1681	CD
Pb : 16083	16085	-LRB-	-LRB-
Pb : 16181	16183	-LRB-	-LRB-
Pb : 16886	16890	-RRB-	-RRB-
Pb : 16891	16891	2	CD
Pb : 17222	17224	-LRB-	-LRB-
Pb : 17228	17230	-RRB-	-RRB-
Pb : 18086	18088	-LRB-	-LRB-
Pb : 18151	18153	-LRB-	-LRB-
Pb : 18200	18202	-LRB-	-LRB-
Pb : 18618	18620	-RRB-	-RRB-
Pb : 20083	20085	-LRB-	-LRB-
Pb : 20089	20091	-RRB-	-RRB-
Pb : 20382	20384	-RRB-	-RRB-
Pb : 20773	20775	-LRB-	-LRB-
Pb : 20850	20852	-LRB-	-LRB-
Pb : 20856	20858	-RRB-	-RRB-
Pb : 20925	20927	-LSB-	-LRB-
Pb : 20929	20931	-RSB-	-RRB-
Pb : 22084	22086	-RRB-	-RRB-
Pb : 22993	22995	-LRB-	-LRB-
Pb : 23107	23110	-LRB-	-LRB-
Pb : 23463	23465	-RRB-	-RRB-
Pb : 23531	23533	-LRB-	-LRB-
Pb : 23537	23540	-RRB-	-RRB-
Pb : 23636	23638	-LRB-	-LRB-
Pb : 23733	23735	-LRB-	-LRB-
Pb : 23739	23741	-RRB-	-RRB-
Pb : 23813	23827	1951	CD
Pb : 23896	23898	-LRB-	-LRB-
Pb : 24143	24143	2	CD
Pb : 24143	24147	-LRB-	-LRB-
Pb : 24151	24153	-RRB-	-RRB-
Pb : 24452	24454	-LRB-	-LRB-
Pb : 24458	24460	-RRB-	-RRB-
Pb : 24519	24521	-LRB-	-LRB-
Pb : 24798	24800	-LRB-	-LRB-
Pb : 24804	24806	-RRB-	-RRB-
Pb : 24938	24940	-LRB-	-LRB-
Pb : 25037	25039	-LRB-	-LRB-
Pb : 25351	25353	-LRB-	-LRB-
Pb : 25357	25359	-RRB-	-RRB-
Pb : 25475	25477	-LRB-	-LRB-
Pb : 25662	25664	-LRB-	-LRB-
Pb : 26018	26020	-LRB-	-LRB-
Pb : 26024	26027	-RRB-	-RRB-
Pb : 26127	26129	-LRB-	-LRB-
Pb : 26239	26241	-RRB-	-RRB-
Pb : 26405	26407	-LRB-	-LRB-
Pb : 26595	26597	-LRB-	-LRB-
Pb : 26600	26602	-RRB-	-RRB-
Pb : 26605	26607	-LRB-	-LRB-
Pb : 26621	26623	-RRB-	-RRB-
Pb : 26854	26856	-LRB-	-LRB-
Pb : 26859	26859	-RRB-	-RRB-
Pb : 26859	26863	-LRB-	-LRB-
Pb : 26874	26876	-RRB-	-RRB-
Pb : 27362	27362	5	CD
Pb : 27362	27366	-LRB-	-LRB-
Pb : 27492	27494	-RRB-	-RRB-
Pb : 27722	27724	-LRB-	-LRB-
Pb : 27728	27732	-RRB-	-RRB-
Pb : 27733	27742	I.i.	NNP
Pb : 27877	27879	-LRB-	-LRB-
Pb : 28055	28057	-LRB-	-LRB-
Pb : 28181	28183	-RRB-	-RRB-
Pb : 28378	28382	-LRB-	-LRB-
Pb : 28382	28388	1919	CD
Pb : 28654	28656	-LRB-	-LRB-
Pb : 28660	28662	-RRB-	-RRB-
Pb : 28972	28985	1971	CD
Pb : 29096	29098	-LRB-	-LRB-
Pb : 29590	29594	-LRB-	-LRB-
Pb : 29871	29871	.	.
Pb : 29871	29875	-LRB-	-LRB-
Pb : 29967	29969	-LRB-	-LRB-
Pb : 30036	30038	-LRB-	-LRB-
Pb : 30088	30090	-LRB-	-LRB-
Pb : 30511	30513	-RRB-	-RRB-
Pb : 30827	30829	-LRB-	-LRB-
Pb : 30899	30901	-LRB-	-LRB-
Pb : 30972	30974	-LRB-	-LRB-
Pb : 31029	31031	-LRB-	-LRB-
Pb : 31122	31124	-LRB-	-LRB-
Pb : 31453	31455	-LRB-	-LRB-
Pb : 31477	31479	-RRB-	-RRB-
Pb : 31565	31567	-LRB-	-LRB-
Pb : 31714	31716	-LRB-	-LRB-
Pb : 32104	32106	-LRB-	-LRB-
Pb : 32110	32112	-RRB-	-RRB-
Pb : 32224	32226	-LRB-	-LRB-
Pb : 32253	32254	-RSB-	-RRB-
Pb : 32548	32551	-RSB-	-RRB-
Pb : 33009	33011	-LRB-	-LRB-
Pb : 33124	33126	-RRB-	-RRB-
Pb : 33336	33338	-LRB-	-LRB-
Pb : 33342	33344	-RRB-	-RRB-
Pb : 33442	33444	-LRB-	-LRB-
Pb : 33499	33501	-LRB-	-LRB-
Pb : 33559	33561	-LRB-	-LRB-
Pb : 33646	33648	-LRB-	-LRB-
Pb : 34130	34132	-LRB-	-LRB-
Pb : 34653	34655	-LRB-	-LRB-
Pb : 34681	34685	-RRB-	-RRB-
Pb : 34685	34685	,	,
Pb : 34685	34689	Babel	NNP
Pb : 35320	35322	-LRB-	-LRB-
Pb : 38587	38589	-LRB-	-LRB-
Pb : 41845	41847	-LRB-	-LRB-
Pb : 41983	41985	-RRB-	-RRB-
Pb : 42109	42111	-LRB-	-LRB-
Pb : 42464	42466	-LRB-	-LRB-
Pb : 42472	42474	-RRB-	-RRB-
Pb : 42563	42565	-RRB-	-RRB-
Pb : 42741	42743	-LRB-	-LRB-
Pb : 42746	42748	-RRB-	-RRB-
Pb : 43941	43943	-LRB-	-LRB-
Pb : 43947	43949	-RRB-	-RRB-
Pb : 44994	44996	-LRB-	-LRB-
Pb : 45060	45061	-LRB-	-LRB-
Pb : 45100	45102	-LRB-	-LRB-
Pb : 46209	46210	--	:
Pb : 46855	46856	--	:
Pb : 47332	47333	--	:
Pb : 48587	48589	-LRB-	-LRB-
Pb : 49312	49314	-LRB-	-LRB-
Pb : 49320	49322	-RRB-	-RRB-
Pb : 49333	49335	-LRB-	-LRB-
Pb : 49846	49848	-LRB-	-LRB-
Pb : 49851	49853	-RRB-	-RRB-
Pb : 50061	50063	-LRB-	-LRB-
Pb : 50067	50069	-RRB-	-RRB-
Pb : 50278	50280	-LRB-	-LRB-
Pb : 50284	50286	-RRB-	-RRB-
Pb : 50742	50744	-LRB-	-LRB-
Pb : 50747	50749	-RRB-	-RRB-
Pb : 50760	50762	-LRB-	-LRB-
Pb : 50838	50909	2006	CD
Pb : 51675	51675	3	CD
Pb : 51675	51679	-LRB-	-LRB-
Pb : 52095	52095	1	CD
Pb : 52095	52099	-LRB-	-LRB-
Pb : 52367	52369	-LRB-	-LRB-
Pb : 52638	52640	-LRB-	-LRB-
Pb : 52645	52647	-RRB-	-RRB-
Pb : 53158	53160	-LRB-	-LRB-
Pb : 53547	53549	-LRB-	-LRB-
Pb : 56698	56699	--	:
Pb : 60294	60294	U	NNP
Pb : 60294	60297	-LSB-	-LRB-
Pb : 60309	60311	-RSB-	-RRB-
Pb : 60312	60313	-LSB-	-LRB-
Pb : 60320	60322	-RSB-	-RRB-
Pb : 60420	60420	U	NNP
Pb : 60420	60423	-LSB-	-LRB-
Pb : 60435	60437	-RSB-	-RRB-
Pb : 60438	60439	-LSB-	-LRB-
Pb : 60446	60448	-RSB-	-RRB-
Pb : 61677	61716	29 1995 167-195	CD
Pb : 62108	62132	1993 159-186	CD
Pb : 63816	63840	2000 113-126	CD
Pb : 65086	65121	17 1983 139	CD
Pb : 70254	70293	29 1995 167-195	CD
Pb : 71837	71839	-LRB-	-LRB-
Pb : 71843	71846	-RRB-	-RRB-
Pb : 71846	71847	--	:
Pb : 72235	72238	-LRB-	-LRB-
Pb : 72238	72242	R2010	NN
Pb : 72242	72244	-RRB-	-RRB-
Pb : 72684	72686	-LRB-	-LRB-
Pb : 73020	73022	-LRB-	-LRB-
Pb : 73053	73054	--	:
Pb : 73703	73705	-LRB-	-LRB-
Pb : 75339	75340	--	:
Pb : 75758	75788	-RRB-	-RRB-
Pb : 75908	75909	--	:
Pb : 76477	76478	--	:
Pb : 77072	77073	--	:
Pb : 77441	77442	--	:
Pb : 78532	78533	--	:
Pb : 78949	78953	-LRB-	-LRB-
Pb : 78953	78960	Beiträge	NNP
Pb : 79594	79610	--	:
Pb : 80933	80941	Culture	NN
Pb : 81309	81391	22	CD
Pb : 81845	81846	--	:
Pb : 82357	82358	--	:
Pb : 82793	82794	--	:
Pb : 83565	83658	88	CD
Pb : 83886	83887	--	:
Pb : 84377	84378	--	:
Pb : 84730	84759	--	:
Pb : 85331	85387	30 11 1987 933	CD
Pb : 85387	85388	--	:
Pb : 85911	85913	-LRB-	-LRB-
Pb : 85917	85919	-RRB-	-RRB-
Pb : 86832	86833	--	:
Pb : 87436	87437	--	:
Pb : 87839	87840	--	:
Pb : 88639	88721	22	CD
Pb : 89703	89723	28 4/5	CD
Pb : 89760	89761	--	:
Pb : 90293	90294	--	:
Pb : 90657	90696	34 1987 621	CD
Pb : 90696	90697	--	:
Pb : 91517	91518	--	:
Pb : 92168	92261	22	CD
Pb : 93044	93045	--	:
Pb : 93876	93877	--	:
Pb : 94828	94829	--	:
Pb : 95017	95018	--	:
Pb : 96736	96737	--	:
Pb : 97280	97281	--	:
Pb : 98019	98020	--	:
Pb : 98187	98189	-LRB-	-LRB-
Pb : 98193	98194	-RRB-	-RRB-
Pb : 98490	98491	--	:
Pb : 98829	98830	--	:
Pb : 99686	99687	--	:
Pb : 100947	100948	--	:
Pb : 101105	101106	--	:
Pb : 101664	101665	--	:
Pb : 102517	102518	--	:
Pb : 102855	102856	--	:
Pb : 103688	103689	--	:
Pb : 104154	104155	--	:
Pb : 104663	104664	--	:
Pb : 108068	108084	--	:
Pb : 108106	108107	--	:
Pb : 108483	108499	--	:
Pb : 108504	108586	11	CD
Pb : 109446	109447	--	:
Pb : 109850	109866	--	:
Pb : 109889	109890	--	:
Pb : 111250	111251	--	:
Pb : 113144	113145	--	:
Pb : 114179	114180	--	:
Pb : 115056	115058	-LRB-	-LRB-
Pb : 115579	115605	2006 263-288	CD
Pb : 116129	116130	--	:
Pb : 117562	117588	1999 193-198	CD
Pb : 118412	118438	2001 267-277	CD
Pb : 120815	120841	1999 103-112	CD
Pb : 121200	121237	Computing	NNP
Pb : 121868	121950	55	CD
Pb : 122360	122361	--	:
