Pb : 352	354	-LRB-	-LRB-
Pb : 365	369	-RRB-	-RRB-
Pb : 369	371	but	CC
Pb : 4003	4005	-LRB-	-LRB-
Pb : 4227	4229	-LRB-	-LRB-
Pb : 7754	7756	-LRB-	-LRB-
Pb : 7788	7790	-RRB-	-RRB-
Pb : 9740	9742	-LRB-	-LRB-
Pb : 9753	9755	-RRB-	-RRB-
Pb : 10197	10199	-LRB-	-LRB-
Pb : 10214	10216	-RRB-	-RRB-
Pb : 12389	12391	-LRB-	-LRB-
Pb : 12567	12569	-LRB-	-LRB-
Pb : 12709	12711	-LRB-	-LRB-
Pb : 14215	14217	-LRB-	-LRB-
Pb : 14283	14285	-RRB-	-RRB-
Pb : 14479	14481	-LRB-	-LRB-
Pb : 15218	15220	-LRB-	-LRB-
Pb : 15277	15279	-RRB-	-RRB-
Pb : 15381	15392	-LRB-	-LRB-
Pb : 15403	15405	-RRB-	-RRB-
Pb : 16402	16404	-LRB-	-LRB-
Pb : 19142	19144	-LRB-	-LRB-
Pb : 19211	19213	-RRB-	-RRB-
Pb : 20057	20059	-LRB-	-LRB-
Pb : 20060	20062	-RRB-	-RRB-
Pb : 20247	20249	-LRB-	-LRB-
Pb : 20468	20470	-LRB-	-LRB-
Pb : 20493	20496	-RRB-	-RRB-
Pb : 24486	24488	-LRB-	-LRB-
Pb : 24498	24500	-RRB-	-RRB-
Pb : 24918	24920	-LRB-	-LRB-
Pb : 25564	25566	-LRB-	-LRB-
Pb : 25621	25623	-RRB-	-RRB-
Pb : 26971	26975	-LRB-	-LRB-
Pb : 26975	26977	-RRB-	-RRB-
Pb : 26977	26978	or	CC
Pb : 26984	26984	-LRB-	-LRB-
Pb : 26984	26988	-RRB-	-RRB-
Pb : 28038	28040	-LRB-	-LRB-
Pb : 28073	28075	-RRB-	-RRB-
Pb : 28601	28604	-LRB-	-LRB-
Pb : 28604	28608	based	VBN
Pb : 28651	28653	-RRB-	-RRB-
Pb : 29611	29614	-LRB-	-LRB-
Pb : 29623	29625	-RRB-	-RRB-
Pb : 33294	33294	0	CD
Pb : 33294	33298	-LRB-	-LRB-
Pb : 33329	33331	-RRB-	-RRB-
Pb : 33334	33334	1	CD
Pb : 33334	33338	-LRB-	-LRB-
Pb : 33357	33359	-RRB-	-RRB-
Pb : 33954	33956	-LRB-	-LRB-
Pb : 34393	34395	-LRB-	-LRB-
Pb : 36062	36064	-LRB-	-LRB-
Pb : 36150	36152	-RRB-	-RRB-
Pb : 36392	36394	-LRB-	-LRB-
Pb : 37244	37246	-LRB-	-LRB-
Pb : 37250	37252	-RRB-	-RRB-
Pb : 37258	37260	-LRB-	-LRB-
Pb : 37264	37266	-RRB-	-RRB-
Pb : 37282	37284	-LRB-	-LRB-
Pb : 37288	37290	-RRB-	-RRB-
Pb : 37301	37303	-LRB-	-LRB-
Pb : 37839	37840	--	:
Pb : 37890	37891	--	:
Pb : 37972	37974	-LRB-	-LRB-
Pb : 38025	38027	-RRB-	-RRB-
Pb : 41061	41062	``	``
Pb : 41221	41222	``	``
Pb : 42879	42881	-LRB-	-LRB-
Pb : 42918	42920	-RRB-	-RRB-
Pb : 44381	44383	-LRB-	-LRB-
Pb : 44404	44406	-RRB-	-RRB-
Pb : 45076	45078	-LRB-	-LRB-
Pb : 45131	45133	-RRB-	-RRB-
Pb : 45187	45189	-LRB-	-LRB-
Pb : 45261	45263	-RRB-	-RRB-
Pb : 45889	45892	-LRB-	-LRB-
Pb : 45892	45896	being	VBG
Pb : 45932	45934	-RRB-	-RRB-
Pb : 49618	49620	-LRB-	-LRB-
Pb : 49627	49629	-RRB-	-RRB-
Pb : 49791	49793	-LRB-	-LRB-
Pb : 49816	49818	-RRB-	-RRB-
Pb : 50046	50048	-LRB-	-LRB-
Pb : 50111	50113	-RRB-	-RRB-
Pb : 50410	50412	-LRB-	-LRB-
Pb : 50432	50434	-RRB-	-RRB-
Pb : 51151	51153	-LRB-	-LRB-
Pb : 52254	52254	-LRB-	-LRB-
Pb : 52254	52258	-RRB-	-RRB-
Pb : 56365	56368	-LRB-	-LRB-
Pb : 57161	57162	``	``
Pb : 57163	57163	b	NN
Pb : 57163	57164	''	''
Pb : 57179	57181	-RRB-	-RRB-
Pb : 57187	57188	``	``
Pb : 57189	57189	b	NN
Pb : 57216	57218	-RRB-	-RRB-
Pb : 57423	57425	-LRB-	-LRB-
Pb : 58138	58140	-LRB-	-LRB-
Pb : 58149	58151	-RRB-	-RRB-
Pb : 59072	59074	-RRB-	-RRB-
Pb : 59084	59086	-LRB-	-LRB-
Pb : 59147	59149	-RRB-	-RRB-
Pb : 60878	60880	-LRB-	-LRB-
Pb : 60890	60892	-RRB-	-RRB-
